Determining if the pthread_create exist failed with the following output:
Change Dir: /home/enri/catkin_ws/build/CMakeFiles/CMakeTmp

Run Build Command:"/usr/bin/make" "cmTC_3dddc/fast"
/usr/bin/make -f CMakeFiles/cmTC_3dddc.dir/build.make CMakeFiles/cmTC_3dddc.dir/build
make[1]: se entra en el directorio '/home/enri/catkin_ws/build/CMakeFiles/CMakeTmp'
Building C object CMakeFiles/cmTC_3dddc.dir/CheckSymbolExists.c.o
/usr/bin/cc     -o CMakeFiles/cmTC_3dddc.dir/CheckSymbolExists.c.o   -c /home/enri/catkin_ws/build/CMakeFiles/CMakeTmp/CheckSymbolExists.c
Linking C executable cmTC_3dddc
/usr/bin/cmake -E cmake_link_script CMakeFiles/cmTC_3dddc.dir/link.txt --verbose=1
/usr/bin/cc       CMakeFiles/cmTC_3dddc.dir/CheckSymbolExists.c.o  -o cmTC_3dddc -rdynamic 
CMakeFiles/cmTC_3dddc.dir/CheckSymbolExists.c.o: En la función `main':
CheckSymbolExists.c:(.text+0x16): referencia a `pthread_create' sin definir
collect2: error: ld returned 1 exit status
CMakeFiles/cmTC_3dddc.dir/build.make:97: fallo en las instrucciones para el objetivo 'cmTC_3dddc'
make[1]: *** [cmTC_3dddc] Error 1
make[1]: se sale del directorio '/home/enri/catkin_ws/build/CMakeFiles/CMakeTmp'
Makefile:126: fallo en las instrucciones para el objetivo 'cmTC_3dddc/fast'
make: *** [cmTC_3dddc/fast] Error 2

File /home/enri/catkin_ws/build/CMakeFiles/CMakeTmp/CheckSymbolExists.c:
/* */
#include <pthread.h>

int main(int argc, char** argv)
{
  (void)argv;
#ifndef pthread_create
  return ((int*)(&pthread_create))[argc];
#else
  (void)argc;
  return 0;
#endif
}

Determining if the function pthread_create exists in the pthreads failed with the following output:
Change Dir: /home/enri/catkin_ws/build/CMakeFiles/CMakeTmp

Run Build Command:"/usr/bin/make" "cmTC_126a1/fast"
/usr/bin/make -f CMakeFiles/cmTC_126a1.dir/build.make CMakeFiles/cmTC_126a1.dir/build
make[1]: se entra en el directorio '/home/enri/catkin_ws/build/CMakeFiles/CMakeTmp'
Building C object CMakeFiles/cmTC_126a1.dir/CheckFunctionExists.c.o
/usr/bin/cc    -DCHECK_FUNCTION_EXISTS=pthread_create   -o CMakeFiles/cmTC_126a1.dir/CheckFunctionExists.c.o   -c /usr/share/cmake-3.5/Modules/CheckFunctionExists.c
Linking C executable cmTC_126a1
/usr/bin/cmake -E cmake_link_script CMakeFiles/cmTC_126a1.dir/link.txt --verbose=1
/usr/bin/cc   -DCHECK_FUNCTION_EXISTS=pthread_create    CMakeFiles/cmTC_126a1.dir/CheckFunctionExists.c.o  -o cmTC_126a1 -rdynamic -lpthreads 
/usr/bin/ld: no se puede encontrar -lpthreads
collect2: error: ld returned 1 exit status
CMakeFiles/cmTC_126a1.dir/build.make:97: fallo en las instrucciones para el objetivo 'cmTC_126a1'
make[1]: *** [cmTC_126a1] Error 1
make[1]: se sale del directorio '/home/enri/catkin_ws/build/CMakeFiles/CMakeTmp'
Makefile:126: fallo en las instrucciones para el objetivo 'cmTC_126a1/fast'
make: *** [cmTC_126a1/fast] Error 2


